<?xml version="1.0" encoding="UTF-8"?>
<testng-results ignored="0" total="1" passed="1" failed="0" skipped="0">
  <reporter-output>
  </reporter-output>
  <suite started-at="2021-04-23T22:24:38 IST" name="Surefire suite" finished-at="2021-04-23T22:24:38 IST" duration-ms="390">
    <groups>
    </groups>
    <test started-at="2021-04-23T22:24:38 IST" name="Surefire test" finished-at="2021-04-23T22:24:38 IST" duration-ms="390">
      <class name="Sahir.Mavenjava.AppTest">
        <test-method signature="testApp()" started-at="2021-04-23T22:24:38 IST" name="testApp" finished-at="2021-04-23T22:24:38 IST" duration-ms="36" status="PASS">
          <reporter-output>
          </reporter-output>
        </test-method> <!-- testApp -->
      </class> <!-- Sahir.Mavenjava.AppTest -->
    </test> <!-- Surefire test -->
  </suite> <!-- Surefire suite -->
</testng-results>
