<?xml version="1.0" encoding="UTF-8"?>
<!-- Generated by org.testng.reporters.JUnitXMLReporter -->
<testsuite ignored="0" hostname="SPL-120" failures="0" tests="4" name="Surefire test" time="0.107" errors="0" timestamp="2021-04-23T22:24:36 IST">
  <testcase classname="Sahir.Mavenjava.databaseTest" name="DataString" time="0.005"/>
  <testcase classname="Sahir.Mavenjava.databaseTest" name="Database" time="0.0"/>
  <testcase classname="Sahir.Mavenjava.SizingUITest" name="SizingUI" time="0.0"/>
  <testcase classname="Sahir.Mavenjava.SizingUITest" name="Sizingunit" time="0.0"/>
</testsuite> <!-- Surefire test -->
