<?xml version="1.0" encoding="UTF-8"?>
<testng-results ignored="0" total="2" passed="2" failed="0" skipped="0">
  <reporter-output>
  </reporter-output>
  <suite started-at="2021-04-24T13:13:02 IST" name="Suite" finished-at="2021-04-24T13:13:02 IST" duration-ms="73">
    <groups>
    </groups>
    <test started-at="2021-04-24T13:13:02 IST" name="Test" finished-at="2021-04-24T13:13:02 IST" duration-ms="73">
      <class name="Sahir.Mavenjava.SizingUITest">
        <test-method signature="SizingUI()[pri:0, instance:Sahir.Mavenjava.SizingUITest@fa36558]" started-at="2021-04-24T13:13:02 IST" name="SizingUI" finished-at="2021-04-24T13:13:02 IST" duration-ms="6" status="PASS">
          <reporter-output>
          </reporter-output>
        </test-method> <!-- SizingUI -->
        <test-method signature="Sizingunit()[pri:0, instance:Sahir.Mavenjava.SizingUITest@fa36558]" started-at="2021-04-24T13:13:02 IST" name="Sizingunit" finished-at="2021-04-24T13:13:02 IST" duration-ms="1" status="PASS">
          <reporter-output>
          </reporter-output>
        </test-method> <!-- Sizingunit -->
      </class> <!-- Sahir.Mavenjava.SizingUITest -->
    </test> <!-- Test -->
  </suite> <!-- Suite -->
</testng-results>
