<?xml version="1.0" encoding="UTF-8"?>
<testsuite xmlns:xsi="http://www.w3.org/2001/XMLSchema-instance" xsi:noNamespaceSchemaLocation="https://maven.apache.org/surefire/maven-surefire-plugin/xsd/surefire-test-report-3.0.xsd" version="3.0" name="TestSuite" time="1.417" tests="2" errors="0" skipped="0" failures="0">
  <properties>
[...]
</properties>
  <testcase name="SizingUI" classname="Sahir.Mavenjava.SizingUITest" time="0.011">
    <system-out><![CDATA[Szing UI
]]></system-out>
  </testcase>
  <testcase name="Sizingunit" classname="Sahir.Mavenjava.SizingUITest" time="0.001">
    <system-out><![CDATA[Szing UI
]]></system-out>
  </testcase>
</testsuite>